{"name": "Buy Item", "status": "broken", "statusDetails": {"message": "selenium.common.exceptions.TimeoutException: Message: \nStacktrace:\n\tGetHandleVerifier [0x00007FF74F862142+3514994]\n\t(No symbol) [0x00007FF74F480CE2]\n\t(No symbol) [0x00007FF74F3276AA]\n\t(No symbol) [0x00007FF74F371860]\n\t(No symbol) [0x00007FF74F37197C]\n\t(No symbol) [0x00007FF74F3B4EE7]\n\t(No symbol) [0x00007FF74F39602F]\n\t(No symbol) [0x00007FF74F3B28F6]\n\t(No symbol) [0x00007FF74F395D93]\n\t(No symbol) [0x00007FF74F364BDC]\n\t(No symbol) [0x00007FF74F365C64]\n\tGetHandleVerifier [0x00007FF74F88E16B+3695259]\n\tGetHandleVerifier [0x00007FF74F8E6737+4057191]\n\tGetHandleVerifier [0x00007FF74F8DE4E3+4023827]\n\tGetHandleVerifier [0x00007FF74F5B04F9+689705]\n\t(No symbol) [0x00007FF74F48C048]\n\t(No symbol) [0x00007FF74F488044]\n\t(No symbol) [0x00007FF74F4881C9]\n\t(No symbol) [0x00007FF74F4788C4]\n\tBaseThreadInitThunk [0x00007FFE6E0D257D+29]\n\tRtlUserThreadStart [0x00007FFE6F60AA58+40]\n\n", "trace": "  File \"C:\\Users\\ASUS\\AppData\\Local\\Programs\\Python\\Python311\\Lib\\site-packages\\behave\\model.py\", line 1329, in run\n    match.run(runner.context)\n  File \"C:\\Users\\ASUS\\AppData\\Local\\Programs\\Python\\Python311\\Lib\\site-packages\\behave\\matchers.py\", line 98, in run\n    self.func(context, *args, **kwargs)\n  File \"src\\features\\steps\\buy_items.py\", line 8, in step_impl\n    LoginPage(context.driver).login_user(username, password)\n  File \"C:\\Users\\ASUS\\Documents\\Python\\src\\pages\\login\\login.py\", line 33, in login_user\n    self.username(username)\n  File \"C:\\Users\\ASUS\\Documents\\Python\\src\\pages\\login\\login.py\", line 13, in username\n    user = WebDriverWait(self.driver, 10).until(\n           ^^^^^^^^^^^^^^^^^^^^^^^^^^^^^^^^^^^^^\n  File \"C:\\Users\\ASUS\\AppData\\Local\\Programs\\Python\\Python311\\Lib\\site-packages\\selenium\\webdriver\\support\\wait.py\", line 105, in until\n    raise TimeoutException(message, screen, stacktrace)\n"}, "steps": [{"name": "Given I open the saucedemo page", "status": "passed", "start": 1704829316812, "stop": 1704829317082}, {"name": "And Enter username \"standard_user\" and password \"secret_sauce\"", "status": "broken", "statusDetails": {"message": "selenium.common.exceptions.TimeoutException: Message: \nStacktrace:\n\tGetHandleVerifier [0x00007FF74F862142+3514994]\n\t(No symbol) [0x00007FF74F480CE2]\n\t(No symbol) [0x00007FF74F3276AA]\n\t(No symbol) [0x00007FF74F371860]\n\t(No symbol) [0x00007FF74F37197C]\n\t(No symbol) [0x00007FF74F3B4EE7]\n\t(No symbol) [0x00007FF74F39602F]\n\t(No symbol) [0x00007FF74F3B28F6]\n\t(No symbol) [0x00007FF74F395D93]\n\t(No symbol) [0x00007FF74F364BDC]\n\t(No symbol) [0x00007FF74F365C64]\n\tGetHandleVerifier [0x00007FF74F88E16B+3695259]\n\tGetHandleVerifier [0x00007FF74F8E6737+4057191]\n\tGetHandleVerifier [0x00007FF74F8DE4E3+4023827]\n\tGetHandleVerifier [0x00007FF74F5B04F9+689705]\n\t(No symbol) [0x00007FF74F48C048]\n\t(No symbol) [0x00007FF74F488044]\n\t(No symbol) [0x00007FF74F4881C9]\n\t(No symbol) [0x00007FF74F4788C4]\n\tBaseThreadInitThunk [0x00007FFE6E0D257D+29]\n\tRtlUserThreadStart [0x00007FFE6F60AA58+40]\n\n", "trace": "  File \"C:\\Users\\ASUS\\AppData\\Local\\Programs\\Python\\Python311\\Lib\\site-packages\\behave\\model.py\", line 1329, in run\n    match.run(runner.context)\n  File \"C:\\Users\\ASUS\\AppData\\Local\\Programs\\Python\\Python311\\Lib\\site-packages\\behave\\matchers.py\", line 98, in run\n    self.func(context, *args, **kwargs)\n  File \"src\\features\\steps\\buy_items.py\", line 8, in step_impl\n    LoginPage(context.driver).login_user(username, password)\n  File \"C:\\Users\\ASUS\\Documents\\Python\\src\\pages\\login\\login.py\", line 33, in login_user\n    self.username(username)\n  File \"C:\\Users\\ASUS\\Documents\\Python\\src\\pages\\login\\login.py\", line 13, in username\n    user = WebDriverWait(self.driver, 10).until(\n           ^^^^^^^^^^^^^^^^^^^^^^^^^^^^^^^^^^^^^\n  File \"C:\\Users\\ASUS\\AppData\\Local\\Programs\\Python\\Python311\\Lib\\site-packages\\selenium\\webdriver\\support\\wait.py\", line 105, in until\n    raise TimeoutException(message, screen, stacktrace)\n"}, "start": 1704829317082, "stop": 1704829327359}, {"name": "Then Click on login button", "status": "skipped", "start": 1704829349953, "stop": 1704829349953}, {"name": "Given I click on add card button", "status": "skipped", "start": 1704829349953, "stop": 1704829349953}, {"name": "When I click on shopping cart icon", "status": "skipped", "start": 1704829349953, "stop": 1704829349953}, {"name": "And I click on checkout", "status": "skipped", "start": 1704829349953, "stop": 1704829349953}, {"name": "And I complete the form \"<name>\", \"<lastName>\" and \"<postalCode>\"", "status": "skipped", "start": 1704829349953, "stop": 1704829349953}, {"name": "And I click on the continue button", "status": "skipped", "start": 1704829349953, "stop": 1704829349953}, {"name": "And I click on the finish button", "status": "skipped", "start": 1704829349954, "stop": 1704829349954}, {"name": "And should show the message thank you for your purchase", "status": "skipped", "start": 1704829349954, "stop": 1704829349954}, {"name": "And I click on the menu button", "status": "skipped", "start": 1704829349954, "stop": 1704829349954}, {"name": "Then I click on logout button", "status": "skipped", "start": 1704829349954, "stop": 1704829349954}], "start": 1704829314587, "stop": 1704829349954, "uuid": "6f81bbb9-f9ff-40f0-aea1-afeee9432961", "historyId": "0ab532a7c935810a6dcece1872638156", "fullName": "Perform Buy Item: Buy Item", "labels": [{"name": "severity", "value": "normal"}, {"name": "feature", "value": "Perform Buy Item"}, {"name": "framework", "value": "behave"}, {"name": "language", "value": "cpython3"}]}