{"name": "Login with multiple parameters -- @1.1 ", "status": "broken", "statusDetails": {"message": "selenium.common.exceptions.TimeoutException: Message: \nStacktrace:\n\tGetHandleVerifier [0x00007FF74F862142+3514994]\n\t(No symbol) [0x00007FF74F480CE2]\n\t(No symbol) [0x00007FF74F3276AA]\n\t(No symbol) [0x00007FF74F371860]\n\t(No symbol) [0x00007FF74F37197C]\n\t(No symbol) [0x00007FF74F3B4EE7]\n\t(No symbol) [0x00007FF74F39602F]\n\t(No symbol) [0x00007FF74F3B28F6]\n\t(No symbol) [0x00007FF74F395D93]\n\t(No symbol) [0x00007FF74F364BDC]\n\t(No symbol) [0x00007FF74F365C64]\n\tGetHandleVerifier [0x00007FF74F88E16B+3695259]\n\tGetHandleVerifier [0x00007FF74F8E6737+4057191]\n\tGetHandleVerifier [0x00007FF74F8DE4E3+4023827]\n\tGetHandleVerifier [0x00007FF74F5B04F9+689705]\n\t(No symbol) [0x00007FF74F48C048]\n\t(No symbol) [0x00007FF74F488044]\n\t(No symbol) [0x00007FF74F4881C9]\n\t(No symbol) [0x00007FF74F4788C4]\n\tBaseThreadInitThunk [0x00007FFE6E0D257D+29]\n\tRtlUserThreadStart [0x00007FFE6F60AA58+40]\n\n", "trace": "  File \"C:\\Users\\ASUS\\AppData\\Local\\Programs\\Python\\Python311\\Lib\\site-packages\\behave\\model.py\", line 1329, in run\n    match.run(runner.context)\n  File \"C:\\Users\\ASUS\\AppData\\Local\\Programs\\Python\\Python311\\Lib\\site-packages\\behave\\matchers.py\", line 98, in run\n    self.func(context, *args, **kwargs)\n  File \"src\\features\\steps\\login.py\", line 13, in login_user\n    LoginPage(context.driver).login_user(username, password)\n  File \"C:\\Users\\ASUS\\Documents\\Python\\src\\pages\\login\\login.py\", line 33, in login_user\n    self.username(username)\n  File \"C:\\Users\\ASUS\\Documents\\Python\\src\\pages\\login\\login.py\", line 13, in username\n    user = WebDriverWait(self.driver, 10).until(\n           ^^^^^^^^^^^^^^^^^^^^^^^^^^^^^^^^^^^^^\n  File \"C:\\Users\\ASUS\\AppData\\Local\\Programs\\Python\\Python311\\Lib\\site-packages\\selenium\\webdriver\\support\\wait.py\", line 105, in until\n    raise TimeoutException(message, screen, stacktrace)\n"}, "steps": [{"name": "Given I open the saucedemo page", "status": "passed", "start": 1704828588481, "stop": 1704828588894}, {"name": "When Enter username \"standard_user\" and password \"123\"", "status": "broken", "statusDetails": {"message": "selenium.common.exceptions.TimeoutException: Message: \nStacktrace:\n\tGetHandleVerifier [0x00007FF74F862142+3514994]\n\t(No symbol) [0x00007FF74F480CE2]\n\t(No symbol) [0x00007FF74F3276AA]\n\t(No symbol) [0x00007FF74F371860]\n\t(No symbol) [0x00007FF74F37197C]\n\t(No symbol) [0x00007FF74F3B4EE7]\n\t(No symbol) [0x00007FF74F39602F]\n\t(No symbol) [0x00007FF74F3B28F6]\n\t(No symbol) [0x00007FF74F395D93]\n\t(No symbol) [0x00007FF74F364BDC]\n\t(No symbol) [0x00007FF74F365C64]\n\tGetHandleVerifier [0x00007FF74F88E16B+3695259]\n\tGetHandleVerifier [0x00007FF74F8E6737+4057191]\n\tGetHandleVerifier [0x00007FF74F8DE4E3+4023827]\n\tGetHandleVerifier [0x00007FF74F5B04F9+689705]\n\t(No symbol) [0x00007FF74F48C048]\n\t(No symbol) [0x00007FF74F488044]\n\t(No symbol) [0x00007FF74F4881C9]\n\t(No symbol) [0x00007FF74F4788C4]\n\tBaseThreadInitThunk [0x00007FFE6E0D257D+29]\n\tRtlUserThreadStart [0x00007FFE6F60AA58+40]\n\n", "trace": "  File \"C:\\Users\\ASUS\\AppData\\Local\\Programs\\Python\\Python311\\Lib\\site-packages\\behave\\model.py\", line 1329, in run\n    match.run(runner.context)\n  File \"C:\\Users\\ASUS\\AppData\\Local\\Programs\\Python\\Python311\\Lib\\site-packages\\behave\\matchers.py\", line 98, in run\n    self.func(context, *args, **kwargs)\n  File \"src\\features\\steps\\login.py\", line 13, in login_user\n    LoginPage(context.driver).login_user(username, password)\n  File \"C:\\Users\\ASUS\\Documents\\Python\\src\\pages\\login\\login.py\", line 33, in login_user\n    self.username(username)\n  File \"C:\\Users\\ASUS\\Documents\\Python\\src\\pages\\login\\login.py\", line 13, in username\n    user = WebDriverWait(self.driver, 10).until(\n           ^^^^^^^^^^^^^^^^^^^^^^^^^^^^^^^^^^^^^\n  File \"C:\\Users\\ASUS\\AppData\\Local\\Programs\\Python\\Python311\\Lib\\site-packages\\selenium\\webdriver\\support\\wait.py\", line 105, in until\n    raise TimeoutException(message, screen, stacktrace)\n"}, "start": 1704828588894, "stop": 1704828599169}, {"name": "Then Click on login button", "status": "skipped", "start": 1704828625853, "stop": 1704828625853}], "parameters": [{"name": "username", "value": "standard_user"}, {"name": "password", "value": "123"}], "start": 1704828586836, "stop": 1704828625853, "uuid": "94d1f37e-5873-4eba-8206-956f4a8a592f", "historyId": "96b00c5559cad15c9b5e9fcb954dbeb2", "fullName": "Perform login: Login with multiple parameters", "labels": [{"name": "severity", "value": "normal"}, {"name": "tag", "value": "LoginSmoke"}, {"name": "feature", "value": "Perform login"}, {"name": "framework", "value": "behave"}, {"name": "language", "value": "cpython3"}]}